[00:39:19] [Server thread/INFO]: Villager cmk['Villager'/43682, l='ServerLevel[world]', x=799.38, y=64.00, z=1882.11] died, message: 'Villager was slain by Zombie'
[00:40:15] [Server thread/INFO]: Jan_M10 lost connection: Disconnected
[00:40:15] [Server thread/INFO]: Jan_M10 left the game
[00:40:22] [Server thread/INFO]: Jan_M10[/127.169.167.134:38599] logged in with entity id 44870 at (2107.4552103926835, -10.0, 946.5871627037315)
[00:40:22] [Server thread/INFO]: Jan_M10 joined the game
[00:53:17] [Server thread/INFO]: Jan_M10 lost connection: Disconnected
[00:53:17] [Server thread/INFO]: Jan_M10 left the game
[00:53:56] [Server thread/INFO]: Jan_M10[/127.169.167.134:49141] logged in with entity id 50752 at (2078.1498036869275, -10.0, 951.0895680888054)
[00:53:56] [Server thread/INFO]: Jan_M10 joined the game
[01:00:25] [Server thread/INFO]: SirMorqui lost connection: Disconnected
[01:00:25] [Server thread/INFO]: SirMorqui left the game
[01:01:09] [Server thread/INFO]: SirMorqui[/127.35.73.236:42001] logged in with entity id 54431 at (756.5826571151363, 65.0, 1927.9734401361543)
[01:01:09] [Server thread/INFO]: SirMorqui joined the game
[01:10:25] [Server thread/INFO]: Jan_M10 lost connection: Disconnected
[01:10:25] [Server thread/INFO]: Jan_M10 left the game
[01:10:33] [Server thread/INFO]: Jan_M10[/127.169.167.134:54259] logged in with entity id 58650 at (2076.300000011921, -9.125, 948.4828424513236)
[01:10:33] [Server thread/INFO]: Jan_M10 joined the game
[01:30:43] [Server thread/INFO]: Jan_M10 has made the advancement [Cover Me with Diamonds]
[01:32:37] [Server thread/WARN]: Mismatch in destroy block pos: jd{x=836, y=64, z=1993} jd{x=836, y=63, z=1992}
[01:34:46] [Server thread/INFO]: Jan_M10 has made the advancement [Enchanter]
[01:35:05] [Server thread/INFO]: SirMorqui has made the advancement [Voluntary Exile]
[01:41:10] [Server thread/INFO]: Jan_M10 has made the advancement [We Need to Go Deeper]
[01:43:03] [Server thread/INFO]: Jan_M10 has made the advancement [A Terrible Fortress]
[01:44:46] [Server thread/INFO]: Jan_M10 has made the advancement [Not Today, Thank You]
[02:03:10] [Server thread/INFO]: [Not Secure] <SirMorqui> no habia techo?
[02:03:15] [Server thread/INFO]: [Not Secure] <Jan_M10> no
[02:03:18] [Server thread/INFO]: [Not Secure] <SirMorqui> o usted lo quitò?
[02:03:25] [Server thread/INFO]: [Not Secure] <Jan_M10> no nunca hubo
[02:05:20] [Server thread/INFO]: Villager cmk['Villager'/68012, l='ServerLevel[world]', x=800.44, y=64.00, z=1884.11] died, message: 'Villager was slain by Zombie'
[02:10:27] [Server thread/INFO]: [Not Secure] <SirMorqui> que hace
[02:10:55] [Server thread/INFO]: [Not Secure] <Jan_M10> estaba buscando como armar un yunque
[02:11:05] [Server thread/INFO]: [Not Secure] <SirMorqui> ocupa bloques de hierro
[02:11:09] [Server thread/INFO]: [Not Secure] <Jan_M10> no me acordaba de la receta
[02:11:40] [Server thread/INFO]: [Not Secure] <Jan_M10> tiene libros?
[02:11:44] [Server thread/INFO]: [Not Secure] <SirMorqui> no
[02:13:20] [Server thread/INFO]: [Not Secure] <SirMorqui> para que ocup
[02:13:29] [Server thread/INFO]: Jan_M10 has made the advancement [The Parrots and the Bats]
[02:13:33] [Server thread/INFO]: [Not Secure] <Jan_M10> para encantar
[02:18:00] [Server thread/INFO]: Jan_M10 has made the advancement [Best Friends Forever]
[02:18:06] [Server thread/INFO]: [Not Secure] <SirMorqui> epico
[02:18:08] [Server thread/INFO]: [Not Secure] <SirMorqui> que sacò
[02:18:24] [Server thread/INFO]: [Not Secure] <Jan_M10> nada mas dome un caballo
[02:18:26] [Server thread/INFO]: [Not Secure] <SirMorqui> un gato?
[02:18:28] [Server thread/INFO]: [Not Secure] <SirMorqui> ahhhh
[02:18:29] [Server thread/INFO]: [Not Secure] <Jan_M10> pero es demasiado lento
[02:18:43] [Server thread/INFO]: [Not Secure] <SirMorqui> apareos
[02:18:47] [Server thread/INFO]: [Not Secure] <SirMorqui> hasta sacar uno rapido
